TN:
SF:src/01-variaveis-e-tipos/exercicio-01.js
FN:7,saudacao
FNF:1
FNH:1
FNDA:1,saudacao
DA:8,1
LF:1
LH:1
BRF:0
BRH:0
end_of_record
TN:
SF:src/01-variaveis-e-tipos/exercicio-02.js
FN:9,converteNumeroParaMensagem
FNF:1
FNH:1
FNDA:2,converteNumeroParaMensagem
DA:19,2
LF:1
LH:1
BRF:0
BRH:0
end_of_record
TN:
SF:src/01-variaveis-e-tipos/exercicio-03.js
FN:9,formatarDataNascimento
FNF:1
FNH:1
FNDA:5,formatarDataNascimento
DA:21,5
DA:37,5
LF:2
LH:2
BRF:0
BRH:0
end_of_record
TN:
SF:src/01-variaveis-e-tipos/exercicio-04.js
FN:10,analisarValor
FNF:1
FNH:1
FNDA:4,analisarValor
DA:12,4
DA:24,4
LF:2
LH:2
BRF:0
BRH:0
end_of_record
TN:
SF:src/01-variaveis-e-tipos/exercicio-05.js
FN:10,converterRealParaDolar
FNF:1
FNH:1
FNDA:4,converterRealParaDolar
DA:21,4
LF:1
LH:1
BRDA:10,0,0,1
BRF:1
BRH:1
end_of_record
TN:
SF:src/01-variaveis-e-tipos/exercicio-06.js
FN:12,calcularArea
FNF:1
FNH:1
FNDA:1,calcularArea
DA:14,1
LF:1
LH:1
BRF:0
BRH:0
end_of_record
